Performing C++ SOURCE FILE Test CMAKE_HAVE_LIBC_PTHREAD failed with the following output:
Change Dir: /home/pi/tests/aasdk/CMakeFiles/CMakeTmp

Run Build Command(s):/usr/bin/gmake cmTC_e15ac/fast && /usr/bin/gmake  -f CMakeFiles/cmTC_e15ac.dir/build.make CMakeFiles/cmTC_e15ac.dir/build
gmake[1]: Entering directory '/home/pi/tests/aasdk/CMakeFiles/CMakeTmp'
Building CXX object CMakeFiles/cmTC_e15ac.dir/src.cxx.o
/usr/bin/c++   -fPIC -Wall -pedantic -DCMAKE_HAVE_LIBC_PTHREAD -o CMakeFiles/cmTC_e15ac.dir/src.cxx.o -c /home/pi/tests/aasdk/CMakeFiles/CMakeTmp/src.cxx
Linking CXX executable cmTC_e15ac
/usr/bin/cmake -E cmake_link_script CMakeFiles/cmTC_e15ac.dir/link.txt --verbose=1
/usr/bin/c++    -fPIC -Wall -pedantic -DCMAKE_HAVE_LIBC_PTHREAD CMakeFiles/cmTC_e15ac.dir/src.cxx.o -o cmTC_e15ac 
/usr/bin/ld: CMakeFiles/cmTC_e15ac.dir/src.cxx.o: in function `main':
src.cxx:(.text+0x34): undefined reference to `pthread_create'
/usr/bin/ld: src.cxx:(.text+0x3c): undefined reference to `pthread_detach'
/usr/bin/ld: src.cxx:(.text+0x44): undefined reference to `pthread_cancel'
/usr/bin/ld: src.cxx:(.text+0x50): undefined reference to `pthread_join'
collect2: error: ld returned 1 exit status
gmake[1]: *** [CMakeFiles/cmTC_e15ac.dir/build.make:106: cmTC_e15ac] Error 1
gmake[1]: Leaving directory '/home/pi/tests/aasdk/CMakeFiles/CMakeTmp'
gmake: *** [Makefile:140: cmTC_e15ac/fast] Error 2


Source file was:
#include <pthread.h>

void* test_func(void* data)
{
  return data;
}

int main(void)
{
  pthread_t thread;
  pthread_create(&thread, NULL, test_func, NULL);
  pthread_detach(thread);
  pthread_cancel(thread);
  pthread_join(thread, NULL);
  pthread_atfork(NULL, NULL, NULL);
  pthread_exit(NULL);

  return 0;
}

Determining if the function pthread_create exists in the pthreads failed with the following output:
Change Dir: /home/pi/tests/aasdk/CMakeFiles/CMakeTmp

Run Build Command(s):/usr/bin/gmake cmTC_af13c/fast && /usr/bin/gmake  -f CMakeFiles/cmTC_af13c.dir/build.make CMakeFiles/cmTC_af13c.dir/build
gmake[1]: Entering directory '/home/pi/tests/aasdk/CMakeFiles/CMakeTmp'
Building CXX object CMakeFiles/cmTC_af13c.dir/CheckFunctionExists.cxx.o
/usr/bin/c++   -fPIC -Wall -pedantic -DCHECK_FUNCTION_EXISTS=pthread_create -o CMakeFiles/cmTC_af13c.dir/CheckFunctionExists.cxx.o -c /home/pi/tests/aasdk/CMakeFiles/CheckLibraryExists/CheckFunctionExists.cxx
Linking CXX executable cmTC_af13c
/usr/bin/cmake -E cmake_link_script CMakeFiles/cmTC_af13c.dir/link.txt --verbose=1
/usr/bin/c++    -fPIC -Wall -pedantic -DCHECK_FUNCTION_EXISTS=pthread_create CMakeFiles/cmTC_af13c.dir/CheckFunctionExists.cxx.o -o cmTC_af13c  -lpthreads 
/usr/bin/ld: cannot find -lpthreads
collect2: error: ld returned 1 exit status
gmake[1]: *** [CMakeFiles/cmTC_af13c.dir/build.make:106: cmTC_af13c] Error 1
gmake[1]: Leaving directory '/home/pi/tests/aasdk/CMakeFiles/CMakeTmp'
gmake: *** [Makefile:140: cmTC_af13c/fast] Error 2



